<?xml version="1.0" encoding="UTF-8"?>
<!-- Generated by org.testng.reporters.JUnitReportReporter -->
<testsuite hostname="192.168.1.45" failures="0" tests="2" name="imdb.case1" time="0.012" errors="0" timestamp="2024-02-24T02:28:57 TRT" skipped="0">
  <testcase classname="imdb.case1" name="SecondTest" time="0.001"/>
  <system-out/>
  <testcase classname="imdb.case1" name="Oscars" time="0.011"/>
  <system-out/>
</testsuite> <!-- imdb.case1 -->
