<?xml version="1.0" encoding="UTF-8"?>
<!-- Generated by org.testng.reporters.JUnitReportReporter -->
<testsuite hostname="192.168.1.45" failures="0" tests="1" name="com.teamflect.imdb.imdbTest" time="187.614" errors="0" timestamp="2024-02-24T22:12:33 TRT" skipped="0">
  <testcase classname="com.teamflect.imdb.imdbTest" name="oscarsLinkTest" time="187.614"/>
  <system-out/>
</testsuite> <!-- com.teamflect.imdb.imdbTest -->
