<?xml version="1.0" encoding="UTF-8"?>
<!-- Generated by org.testng.reporters.JUnitReportReporter -->
<testsuite hostname="192.168.1.45" failures="0" tests="1" name="imdb.imdbTest" time="230.418" errors="0" timestamp="2024-02-24T13:33:59 TRT" skipped="0">
  <testcase classname="imdb.imdbTest" name="oscarsLinkTest" time="230.418"/>
  <system-out/>
</testsuite> <!-- imdb.imdbTest -->
