<?xml version="1.0" encoding="UTF-8"?>
<!-- Generated by org.testng.reporters.JUnitReportReporter -->
<testsuite hostname="192.168.1.45" failures="0" tests="1" name="com.teamflect.imdb.imdbTestTrial" time="179.152" errors="0" timestamp="2024-02-24T19:56:21 TRT" skipped="0">
  <testcase classname="com.teamflect.imdb.imdbTestTrial" name="oscarsLinkTest" time="179.152"/>
  <system-out/>
</testsuite> <!-- com.teamflect.imdb.imdbTestTrial -->
