<?xml version="1.0" encoding="UTF-8"?>
<!-- Generated by org.testng.reporters.JUnitReportReporter -->
<testsuite hostname="192.168.1.45" failures="0" tests="2" name="imdb.trial" time="0.023" errors="0" timestamp="2024-02-24T03:48:58 TRT" skipped="0">
  <testcase classname="imdb.trial" name="searhTest" time="0.004"/>
  <system-out/>
  <testcase classname="imdb.trial" name="googleTitleTest" time="0.019"/>
  <system-out/>
</testsuite> <!-- imdb.trial -->
