<?xml version="1.0" encoding="UTF-8"?>
<!-- Generated by org.testng.reporters.JUnitReportReporter -->
<testsuite hostname="192.168.1.45" failures="0" tests="1" name="imdb.imdbTestTrial" time="195.772" errors="0" timestamp="2024-02-24T11:53:18 TRT" skipped="0">
  <testcase classname="imdb.imdbTestTrial" name="oscarsLinkTest" time="195.772"/>
  <system-out/>
</testsuite> <!-- imdb.imdbTestTrial -->
